# JRE version: OpenJDK Runtime Environment (8.0_112-b06) (build 1.8.0_112-release-b06)
# Java VM: OpenJDK 64-Bit Server VM (25.112-b06 mixed mode windows-amd64 compressed oops)
Heap:
 PSYoungGen      total 204288K, used 203920K [0x00000000eab00000, 0x00000000fab00000, 0x0000000100000000)
  eden space 177152K, 100% used [0x00000000eab00000,0x00000000f5800000,0x00000000f5800000)
  from space 27136K, 98% used [0x00000000f5f00000,0x00000000f7924168,0x00000000f7980000)
  to   space 42496K, 7% used [0x00000000f8180000,0x00000000f84c0000,0x00000000fab00000)
 ParOldGen       total 128512K, used 87132K [0x00000000c0000000, 0x00000000c7d80000, 0x00000000eab00000)
  object space 128512K, 67% used [0x00000000c0000000,0x00000000c5517138,0x00000000c7d80000)
 Metaspace       used 87186K, capacity 93702K, committed 93784K, reserved 1132544K
  class space    used 10681K, capacity 11639K, committed 11648K, reserved 1048576K
GC Heap History (10 events):
Event: 887.264 GC heap after
Heap after GC invocations=33 (full 3):
 PSYoungGen      total 228864K, used 27203K [0x00000000eab00000, 0x00000000fc600000, 0x0000000100000000)
  eden space 199680K, 0% used [0x00000000eab00000,0x00000000eab00000,0x00000000f6e00000)
  from space 29184K, 93% used [0x00000000fa980000,0x00000000fc410e88,0x00000000fc600000)
  to   space 45056K, 0% used [0x00000000f6e00000,0x00000000f6e00000,0x00000000f9a00000)
 ParOldGen       total 104448K, used 91637K [0x00000000c0000000, 0x00000000c6600000, 0x00000000eab00000)
  object space 104448K, 87% used [0x00000000c0000000,0x00000000c597d518,0x00000000c6600000)
 Metaspace       used 86868K, capacity 93190K, committed 93272K, reserved 1130496K
  class space    used 10656K, capacity 11605K, committed 11648K, reserved 1048576K
}
Event: 890.818 GC heap before
{Heap before GC invocations=34 (full 3):
 PSYoungGen      total 228864K, used 226013K [0x00000000eab00000, 0x00000000fc600000, 0x0000000100000000)
  eden space 199680K, 99% used [0x00000000eab00000,0x00000000f6d26608,0x00000000f6e00000)
  from space 29184K, 93% used [0x00000000fa980000,0x00000000fc410e88,0x00000000fc600000)
  to   space 45056K, 0% used [0x00000000f6e00000,0x00000000f6e00000,0x00000000f9a00000)
 ParOldGen       total 104448K, used 91637K [0x00000000c0000000, 0x00000000c6600000, 0x00000000eab00000)
  object space 104448K, 87% used [0x00000000c0000000,0x00000000c597d518,0x00000000c6600000)
 Metaspace       used 86963K, capacity 93392K, committed 93528K, reserved 1130496K
  class space    used 10669K, capacity 11628K, committed 11648K, reserved 1048576K
Event: 890.836 GC heap after
Heap after GC invocations=34 (full 3):
 PSYoungGen      total 201216K, used 9018K [0x00000000eab00000, 0x00000000fbb80000, 0x0000000100000000)
  eden space 192000K, 0% used [0x00000000eab00000,0x00000000eab00000,0x00000000f6680000)
  from space 9216K, 97% used [0x00000000f6e00000,0x00000000f76ce9a8,0x00000000f7700000)
  to   space 43520K, 0% used [0x00000000f9100000,0x00000000f9100000,0x00000000fbb80000)
 ParOldGen       total 104448K, used 98468K [0x00000000c0000000, 0x00000000c6600000, 0x00000000eab00000)
  object space 104448K, 94% used [0x00000000c0000000,0x00000000c6029070,0x00000000c6600000)
 Metaspace       used 86963K, capacity 93392K, committed 93528K, reserved 1130496K
  class space    used 10669K, capacity 11628K, committed 11648K, reserved 1048576K
}
Event: 890.836 GC heap before
{Heap before GC invocations=35 (full 4):
 PSYoungGen      total 201216K, used 9018K [0x00000000eab00000, 0x00000000fbb80000, 0x0000000100000000)
  eden space 192000K, 0% used [0x00000000eab00000,0x00000000eab00000,0x00000000f6680000)
  from space 9216K, 97% used [0x00000000f6e00000,0x00000000f76ce9a8,0x00000000f7700000)
  to   space 43520K, 0% used [0x00000000f9100000,0x00000000f9100000,0x00000000fbb80000)
 ParOldGen       total 104448K, used 98468K [0x00000000c0000000, 0x00000000c6600000, 0x00000000eab00000)
  object space 104448K, 94% used [0x00000000c0000000,0x00000000c6029070,0x00000000c6600000)
 Metaspace       used 86963K, capacity 93392K, committed 93528K, reserved 1130496K
  class space    used 10669K, capacity 11628K, committed 11648K, reserved 1048576K
Event: 891.065 GC heap after
Heap after GC invocations=35 (full 4):
 PSYoungGen      total 201216K, used 0K [0x00000000eab00000, 0x00000000fbb80000, 0x0000000100000000)
  eden space 192000K, 0% used [0x00000000eab00000,0x00000000eab00000,0x00000000f6680000)
  from space 9216K, 0% used [0x00000000f6e00000,0x00000000f6e00000,0x00000000f7700000)
  to   space 43520K, 0% used [0x00000000f9100000,0x00000000f9100000,0x00000000fbb80000)
 ParOldGen       total 128512K, used 71151K [0x00000000c0000000, 0x00000000c7d80000, 0x00000000eab00000)
  object space 128512K, 55% used [0x00000000c0000000,0x00000000c457bf70,0x00000000c7d80000)
 Metaspace       used 86940K, capacity 93368K, committed 93528K, reserved 1130496K
  class space    used 10662K, capacity 11620K, committed 11648K, reserved 1048576K
}
Event: 897.448 GC heap before
{Heap before GC invocations=36 (full 4):
 PSYoungGen      total 201216K, used 192000K [0x00000000eab00000, 0x00000000fbb80000, 0x0000000100000000)
  eden space 192000K, 100% used [0x00000000eab00000,0x00000000f6680000,0x00000000f6680000)
  from space 9216K, 0% used [0x00000000f6e00000,0x00000000f6e00000,0x00000000f7700000)
  to   space 43520K, 0% used [0x00000000f9100000,0x00000000f9100000,0x00000000fbb80000)
 ParOldGen       total 128512K, used 71151K [0x00000000c0000000, 0x00000000c7d80000, 0x00000000eab00000)
  object space 128512K, 55% used [0x00000000c0000000,0x00000000c457bf70,0x00000000c7d80000)
 Metaspace       used 87007K, capacity 93456K, committed 93528K, reserved 1130496K
  class space    used 10672K, capacity 11628K, committed 11648K, reserved 1048576K
Event: 897.480 GC heap after
Heap after GC invocations=36 (full 4):
 PSYoungGen      total 215040K, used 12800K [0x00000000eab00000, 0x00000000faf00000, 0x0000000100000000)
  eden space 184320K, 0% used [0x00000000eab00000,0x00000000eab00000,0x00000000f5f00000)
  from space 30720K, 41% used [0x00000000f9100000,0x00000000f9d80280,0x00000000faf00000)
  to   space 40960K, 0% used [0x00000000f5f00000,0x00000000f5f00000,0x00000000f8700000)
 ParOldGen       total 128512K, used 71159K [0x00000000c0000000, 0x00000000c7d80000, 0x00000000eab00000)
  object space 128512K, 55% used [0x00000000c0000000,0x00000000c457df70,0x00000000c7d80000)
 Metaspace       used 87007K, capacity 93456K, committed 93528K, reserved 1130496K
  class space    used 10672K, capacity 11628K, committed 11648K, reserved 1048576K
}
Event: 901.503 GC heap before
{Heap before GC invocations=37 (full 4):
 PSYoungGen      total 215040K, used 197120K [0x00000000eab00000, 0x00000000faf00000, 0x0000000100000000)
  eden space 184320K, 100% used [0x00000000eab00000,0x00000000f5f00000,0x00000000f5f00000)
  from space 30720K, 41% used [0x00000000f9100000,0x00000000f9d80280,0x00000000faf00000)
  to   space 40960K, 0% used [0x00000000f5f00000,0x00000000f5f00000,0x00000000f8700000)
 ParOldGen       total 128512K, used 71159K [0x00000000c0000000, 0x00000000c7d80000, 0x00000000eab00000)
  object space 128512K, 55% used [0x00000000c0000000,0x00000000c457df70,0x00000000c7d80000)
 Metaspace       used 87093K, capacity 93476K, committed 93528K, reserved 1130496K
  class space    used 10673K, capacity 11630K, committed 11648K, reserved 1048576K
Event: 901.535 GC heap after
Heap after GC invocations=37 (full 4):
 PSYoungGen      total 204288K, used 26768K [0x00000000eab00000, 0x00000000fab00000, 0x0000000100000000)
  eden space 177152K, 0% used [0x00000000eab00000,0x00000000eab00000,0x00000000f5800000)
  from space 27136K, 98% used [0x00000000f5f00000,0x00000000f7924168,0x00000000f7980000)
  to   space 42496K, 0% used [0x00000000f8180000,0x00000000f8180000,0x00000000fab00000)
 ParOldGen       total 128512K, used 83380K [0x00000000c0000000, 0x00000000c7d80000, 0x00000000eab00000)
  object space 128512K, 64% used [0x00000000c0000000,0x00000000c516d2a8,0x00000000c7d80000)
 Metaspace       used 87093K, capacity 93476K, committed 93528K, reserved 1130496K
  class space    used 10673K, capacity 11630K, committed 11648K, reserved 1048576K
}
Event: 908.765 GC heap before
{Heap before GC invocations=38 (full 4):
 PSYoungGen      total 204288K, used 203920K [0x00000000eab00000, 0x00000000fab00000, 0x0000000100000000)
  eden space 177152K, 100% used [0x00000000eab00000,0x00000000f5800000,0x00000000f5800000)
  from space 27136K, 98% used [0x00000000f5f00000,0x00000000f7924168,0x00000000f7980000)
  to   space 42496K, 0% used [0x00000000f8180000,0x00000000f8180000,0x00000000fab00000)
 ParOldGen       total 128512K, used 83380K [0x00000000c0000000, 0x00000000c7d80000, 0x00000000eab00000)
  object space 128512K, 64% used [0x00000000c0000000,0x00000000c516d2a8,0x00000000c7d80000)
 Metaspace       used 87186K, capacity 93702K, committed 93784K, reserved 1132544K
  class space    used 10681K, capacity 11639K, committed 11648K, reserved 1048576K

