# JRE version: OpenJDK Runtime Environment (8.0_112-b06) (build 1.8.0_112-release-b06)
# Java VM: OpenJDK 64-Bit Server VM (25.112-b06 mixed mode windows-amd64 compressed oops)
Heap:
 PSYoungGen      total 317440K, used 112127K [0x00000000eab00000, 0x0000000100000000, 0x0000000100000000)
  eden space 292864K, 38% used [0x00000000eab00000,0x00000000f187ff80,0x00000000fc900000)
  from space 24576K, 0% used [0x00000000fc900000,0x00000000fc900000,0x00000000fe100000)
  to   space 26112K, 0% used [0x00000000fe680000,0x00000000fe680000,0x0000000100000000)
 ParOldGen       total 80896K, used 38138K [0x00000000c0000000, 0x00000000c4f00000, 0x00000000eab00000)
  object space 80896K, 47% used [0x00000000c0000000,0x00000000c253e818,0x00000000c4f00000)
 Metaspace       used 53662K, capacity 55766K, committed 55984K, reserved 1097728K
  class space    used 7298K, capacity 7758K, committed 7856K, reserved 1048576K
GC Heap History (10 events):
Event: 20.512 GC heap before
{Heap before GC invocations=8 (full 2):
 PSYoungGen      total 193024K, used 11197K [0x00000000eab00000, 0x00000000f9480000, 0x0000000100000000)
  eden space 180224K, 0% used [0x00000000eab00000,0x00000000eab00000,0x00000000f5b00000)
  from space 12800K, 87% used [0x00000000f6880000,0x00000000f736f690,0x00000000f7500000)
  to   space 13824K, 0% used [0x00000000f5b00000,0x00000000f5b00000,0x00000000f6880000)
 ParOldGen       total 59392K, used 18894K [0x00000000c0000000, 0x00000000c3a00000, 0x00000000eab00000)
  object space 59392K, 31% used [0x00000000c0000000,0x00000000c1273a98,0x00000000c3a00000)
 Metaspace       used 34700K, capacity 35392K, committed 35496K, reserved 1079296K
  class space    used 4702K, capacity 4884K, committed 4912K, reserved 1048576K
Event: 20.597 GC heap after
Heap after GC invocations=8 (full 2):
 PSYoungGen      total 193024K, used 0K [0x00000000eab00000, 0x00000000f9480000, 0x0000000100000000)
  eden space 180224K, 0% used [0x00000000eab00000,0x00000000eab00000,0x00000000f5b00000)
  from space 12800K, 0% used [0x00000000f6880000,0x00000000f6880000,0x00000000f7500000)
  to   space 13824K, 0% used [0x00000000f5b00000,0x00000000f5b00000,0x00000000f6880000)
 ParOldGen       total 80896K, used 18229K [0x00000000c0000000, 0x00000000c4f00000, 0x00000000eab00000)
  object space 80896K, 22% used [0x00000000c0000000,0x00000000c11cd718,0x00000000c4f00000)
 Metaspace       used 34700K, capacity 35392K, committed 35496K, reserved 1079296K
  class space    used 4702K, capacity 4884K, committed 4912K, reserved 1048576K
}
Event: 22.696 GC heap before
{Heap before GC invocations=9 (full 2):
 PSYoungGen      total 193024K, used 180224K [0x00000000eab00000, 0x00000000f9480000, 0x0000000100000000)
  eden space 180224K, 100% used [0x00000000eab00000,0x00000000f5b00000,0x00000000f5b00000)
  from space 12800K, 0% used [0x00000000f6880000,0x00000000f6880000,0x00000000f7500000)
  to   space 13824K, 0% used [0x00000000f5b00000,0x00000000f5b00000,0x00000000f6880000)
 ParOldGen       total 80896K, used 18229K [0x00000000c0000000, 0x00000000c4f00000, 0x00000000eab00000)
  object space 80896K, 22% used [0x00000000c0000000,0x00000000c11cd718,0x00000000c4f00000)
 Metaspace       used 43461K, capacity 44550K, committed 44848K, reserved 1087488K
  class space    used 5839K, capacity 6117K, committed 6192K, reserved 1048576K
Event: 22.751 GC heap after
Heap after GC invocations=9 (full 2):
 PSYoungGen      total 194048K, used 13799K [0x00000000eab00000, 0x00000000ff100000, 0x0000000100000000)
  eden space 180224K, 0% used [0x00000000eab00000,0x00000000eab00000,0x00000000f5b00000)
  from space 13824K, 99% used [0x00000000f5b00000,0x00000000f6879ea8,0x00000000f6880000)
  to   space 16384K, 0% used [0x00000000fe100000,0x00000000fe100000,0x00000000ff100000)
 ParOldGen       total 80896K, used 18685K [0x00000000c0000000, 0x00000000c4f00000, 0x00000000eab00000)
  object space 80896K, 23% used [0x00000000c0000000,0x00000000c123f6c0,0x00000000c4f00000)
 Metaspace       used 43461K, capacity 44550K, committed 44848K, reserved 1087488K
  class space    used 5839K, capacity 6117K, committed 6192K, reserved 1048576K
}
Event: 25.904 GC heap before
{Heap before GC invocations=10 (full 2):
 PSYoungGen      total 194048K, used 194023K [0x00000000eab00000, 0x00000000ff100000, 0x0000000100000000)
  eden space 180224K, 100% used [0x00000000eab00000,0x00000000f5b00000,0x00000000f5b00000)
  from space 13824K, 99% used [0x00000000f5b00000,0x00000000f6879ea8,0x00000000f6880000)
  to   space 16384K, 0% used [0x00000000fe100000,0x00000000fe100000,0x00000000ff100000)
 ParOldGen       total 80896K, used 18685K [0x00000000c0000000, 0x00000000c4f00000, 0x00000000eab00000)
  object space 80896K, 23% used [0x00000000c0000000,0x00000000c123f6c0,0x00000000c4f00000)
 Metaspace       used 51808K, capacity 53380K, committed 53552K, reserved 1095680K
  class space    used 7082K, capacity 7415K, committed 7472K, reserved 1048576K
Event: 25.979 GC heap after
Heap after GC invocations=10 (full 2):
 PSYoungGen      total 309248K, used 16384K [0x00000000eab00000, 0x0000000100000000, 0x0000000100000000)
  eden space 292864K, 0% used [0x00000000eab00000,0x00000000eab00000,0x00000000fc900000)
  from space 16384K, 100% used [0x00000000fe100000,0x00000000ff100000,0x00000000ff100000)
  to   space 24576K, 0% used [0x00000000fc900000,0x00000000fc900000,0x00000000fe100000)
 ParOldGen       total 80896K, used 32554K [0x00000000c0000000, 0x00000000c4f00000, 0x00000000eab00000)
  object space 80896K, 40% used [0x00000000c0000000,0x00000000c1fca9d0,0x00000000c4f00000)
 Metaspace       used 51808K, capacity 53380K, committed 53552K, reserved 1095680K
  class space    used 7082K, capacity 7415K, committed 7472K, reserved 1048576K
}
Event: 26.430 GC heap before
{Heap before GC invocations=11 (full 2):
 PSYoungGen      total 309248K, used 45580K [0x00000000eab00000, 0x0000000100000000, 0x0000000100000000)
  eden space 292864K, 9% used [0x00000000eab00000,0x00000000ec7832c0,0x00000000fc900000)
  from space 16384K, 100% used [0x00000000fe100000,0x00000000ff100000,0x00000000ff100000)
  to   space 24576K, 0% used [0x00000000fc900000,0x00000000fc900000,0x00000000fe100000)
 ParOldGen       total 80896K, used 32554K [0x00000000c0000000, 0x00000000c4f00000, 0x00000000eab00000)
  object space 80896K, 40% used [0x00000000c0000000,0x00000000c1fca9d0,0x00000000c4f00000)
 Metaspace       used 52899K, capacity 54962K, committed 55088K, reserved 1097728K
  class space    used 7260K, capacity 7690K, committed 7728K, reserved 1048576K
Event: 26.455 GC heap after
Heap after GC invocations=11 (full 2):
 PSYoungGen      total 317440K, used 19003K [0x00000000eab00000, 0x0000000100000000, 0x0000000100000000)
  eden space 292864K, 0% used [0x00000000eab00000,0x00000000eab00000,0x00000000fc900000)
  from space 24576K, 77% used [0x00000000fc900000,0x00000000fdb8ee48,0x00000000fe100000)
  to   space 26112K, 0% used [0x00000000fe680000,0x00000000fe680000,0x0000000100000000)
 ParOldGen       total 80896K, used 32562K [0x00000000c0000000, 0x00000000c4f00000, 0x00000000eab00000)
  object space 80896K, 40% used [0x00000000c0000000,0x00000000c1fcc9d0,0x00000000c4f00000)
 Metaspace       used 52899K, capacity 54962K, committed 55088K, reserved 1097728K
  class space    used 7260K, capacity 7690K, committed 7728K, reserved 1048576K
}
Event: 26.455 GC heap before
{Heap before GC invocations=12 (full 3):
 PSYoungGen      total 317440K, used 19003K [0x00000000eab00000, 0x0000000100000000, 0x0000000100000000)
  eden space 292864K, 0% used [0x00000000eab00000,0x00000000eab00000,0x00000000fc900000)
  from space 24576K, 77% used [0x00000000fc900000,0x00000000fdb8ee48,0x00000000fe100000)
  to   space 26112K, 0% used [0x00000000fe680000,0x00000000fe680000,0x0000000100000000)
 ParOldGen       total 80896K, used 32562K [0x00000000c0000000, 0x00000000c4f00000, 0x00000000eab00000)
  object space 80896K, 40% used [0x00000000c0000000,0x00000000c1fcc9d0,0x00000000c4f00000)
 Metaspace       used 52899K, capacity 54962K, committed 55088K, reserved 1097728K
  class space    used 7260K, capacity 7690K, committed 7728K, reserved 1048576K
Event: 26.760 GC heap after
Heap after GC invocations=12 (full 3):
 PSYoungGen      total 317440K, used 0K [0x00000000eab00000, 0x0000000100000000, 0x0000000100000000)
  eden space 292864K, 0% used [0x00000000eab00000,0x00000000eab00000,0x00000000fc900000)
  from space 24576K, 0% used [0x00000000fc900000,0x00000000fc900000,0x00000000fe100000)
  to   space 26112K, 0% used [0x00000000fe680000,0x00000000fe680000,0x0000000100000000)
 ParOldGen       total 80896K, used 38138K [0x00000000c0000000, 0x00000000c4f00000, 0x00000000eab00000)
  object space 80896K, 47% used [0x00000000c0000000,0x00000000c253e818,0x00000000c4f00000)
 Metaspace       used 52899K, capacity 54962K, committed 55088K, reserved 1097728K
  class space    used 7260K, capacity 7690K, committed 7728K, reserved 1048576K
}

