# JRE version: OpenJDK Runtime Environment (8.0_112-b06) (build 1.8.0_112-release-b06)
# Java VM: OpenJDK 64-Bit Server VM (25.112-b06 mixed mode windows-amd64 compressed oops)
Heap:
 PSYoungGen      total 228864K, used 5883K [0x00000000eab00000, 0x00000000fbf00000, 0x0000000100000000)
  eden space 208384K, 0% used [0x00000000eab00000,0x00000000eab00000,0x00000000f7680000)
  from space 20480K, 28% used [0x00000000f7680000,0x00000000f7c3ef40,0x00000000f8a80000)
  to   space 20480K, 0% used [0x00000000fab00000,0x00000000fab00000,0x00000000fbf00000)
 ParOldGen       total 73216K, used 62215K [0x00000000c0000000, 0x00000000c4780000, 0x00000000eab00000)
  object space 73216K, 84% used [0x00000000c0000000,0x00000000c3cc1cf8,0x00000000c4780000)
 Metaspace       used 64604K, capacity 67464K, committed 67632K, reserved 1107968K
  class space    used 8601K, capacity 9167K, committed 9264K, reserved 1048576K
GC Heap History (10 events):
Event: 42.770 GC heap after
Heap after GC invocations=18 (full 3):
 PSYoungGen      total 157696K, used 0K [0x00000000eab00000, 0x00000000f6480000, 0x0000000100000000)
  eden space 142848K, 0% used [0x00000000eab00000,0x00000000eab00000,0x00000000f3680000)
  from space 14848K, 0% used [0x00000000f3680000,0x00000000f3680000,0x00000000f4500000)
  to   space 20992K, 0% used [0x00000000f5000000,0x00000000f5000000,0x00000000f6480000)
 ParOldGen       total 73216K, used 40419K [0x00000000c0000000, 0x00000000c4780000, 0x00000000eab00000)
  object space 73216K, 55% used [0x00000000c0000000,0x00000000c2778cd0,0x00000000c4780000)
 Metaspace       used 52974K, capacity 54952K, committed 55088K, reserved 1097728K
  class space    used 7272K, capacity 7689K, committed 7728K, reserved 1048576K
}
Event: 80.970 GC heap before
{Heap before GC invocations=19 (full 3):
 PSYoungGen      total 157696K, used 142848K [0x00000000eab00000, 0x00000000f6480000, 0x0000000100000000)
  eden space 142848K, 100% used [0x00000000eab00000,0x00000000f3680000,0x00000000f3680000)
  from space 14848K, 0% used [0x00000000f3680000,0x00000000f3680000,0x00000000f4500000)
  to   space 20992K, 0% used [0x00000000f5000000,0x00000000f5000000,0x00000000f6480000)
 ParOldGen       total 73216K, used 40419K [0x00000000c0000000, 0x00000000c4780000, 0x00000000eab00000)
  object space 73216K, 55% used [0x00000000c0000000,0x00000000c2778cd0,0x00000000c4780000)
 Metaspace       used 54994K, capacity 57274K, committed 57392K, reserved 1099776K
  class space    used 7478K, capacity 7924K, committed 7984K, reserved 1048576K
Event: 81.434 GC heap after
Heap after GC invocations=19 (full 3):
 PSYoungGen      total 168960K, used 3229K [0x00000000eab00000, 0x00000000fa400000, 0x0000000100000000)
  eden space 147968K, 0% used [0x00000000eab00000,0x00000000eab00000,0x00000000f3b80000)
  from space 20992K, 15% used [0x00000000f5000000,0x00000000f53277a0,0x00000000f6480000)
  to   space 20992K, 0% used [0x00000000f3b80000,0x00000000f3b80000,0x00000000f5000000)
 ParOldGen       total 73216K, used 40427K [0x00000000c0000000, 0x00000000c4780000, 0x00000000eab00000)
  object space 73216K, 55% used [0x00000000c0000000,0x00000000c277acd0,0x00000000c4780000)
 Metaspace       used 54994K, capacity 57274K, committed 57392K, reserved 1099776K
  class space    used 7478K, capacity 7924K, committed 7984K, reserved 1048576K
}
Event: 99.910 GC heap before
{Heap before GC invocations=20 (full 3):
 PSYoungGen      total 168960K, used 151197K [0x00000000eab00000, 0x00000000fa400000, 0x0000000100000000)
  eden space 147968K, 100% used [0x00000000eab00000,0x00000000f3b80000,0x00000000f3b80000)
  from space 20992K, 15% used [0x00000000f5000000,0x00000000f53277a0,0x00000000f6480000)
  to   space 20992K, 0% used [0x00000000f3b80000,0x00000000f3b80000,0x00000000f5000000)
 ParOldGen       total 73216K, used 40427K [0x00000000c0000000, 0x00000000c4780000, 0x00000000eab00000)
  object space 73216K, 55% used [0x00000000c0000000,0x00000000c277acd0,0x00000000c4780000)
 Metaspace       used 60311K, capacity 62912K, committed 63024K, reserved 1103872K
  class space    used 8170K, capacity 8681K, committed 8752K, reserved 1048576K
Event: 99.928 GC heap after
Heap after GC invocations=20 (full 3):
 PSYoungGen      total 168960K, used 11539K [0x00000000eab00000, 0x00000000fa600000, 0x0000000100000000)
  eden space 147968K, 0% used [0x00000000eab00000,0x00000000eab00000,0x00000000f3b80000)
  from space 20992K, 54% used [0x00000000f3b80000,0x00000000f46c4e48,0x00000000f5000000)
  to   space 20480K, 0% used [0x00000000f9200000,0x00000000f9200000,0x00000000fa600000)
 ParOldGen       total 73216K, used 41795K [0x00000000c0000000, 0x00000000c4780000, 0x00000000eab00000)
  object space 73216K, 57% used [0x00000000c0000000,0x00000000c28d0d48,0x00000000c4780000)
 Metaspace       used 60311K, capacity 62912K, committed 63024K, reserved 1103872K
  class space    used 8170K, capacity 8681K, committed 8752K, reserved 1048576K
}
Event: 103.519 GC heap before
{Heap before GC invocations=21 (full 3):
 PSYoungGen      total 168960K, used 159507K [0x00000000eab00000, 0x00000000fa600000, 0x0000000100000000)
  eden space 147968K, 100% used [0x00000000eab00000,0x00000000f3b80000,0x00000000f3b80000)
  from space 20992K, 54% used [0x00000000f3b80000,0x00000000f46c4e48,0x00000000f5000000)
  to   space 20480K, 0% used [0x00000000f9200000,0x00000000f9200000,0x00000000fa600000)
 ParOldGen       total 73216K, used 41795K [0x00000000c0000000, 0x00000000c4780000, 0x00000000eab00000)
  object space 73216K, 57% used [0x00000000c0000000,0x00000000c28d0d48,0x00000000c4780000)
 Metaspace       used 62392K, capacity 64960K, committed 65200K, reserved 1105920K
  class space    used 8280K, capacity 8809K, committed 8880K, reserved 1048576K
Event: 103.565 GC heap after
Heap after GC invocations=21 (full 3):
 PSYoungGen      total 203776K, used 12574K [0x00000000eab00000, 0x00000000f9e80000, 0x0000000100000000)
  eden space 190976K, 0% used [0x00000000eab00000,0x00000000eab00000,0x00000000f6580000)
  from space 12800K, 98% used [0x00000000f9200000,0x00000000f9e47ac0,0x00000000f9e80000)
  to   space 20480K, 0% used [0x00000000f7680000,0x00000000f7680000,0x00000000f8a80000)
 ParOldGen       total 73216K, used 50396K [0x00000000c0000000, 0x00000000c4780000, 0x00000000eab00000)
  object space 73216K, 68% used [0x00000000c0000000,0x00000000c3137230,0x00000000c4780000)
 Metaspace       used 62392K, capacity 64960K, committed 65200K, reserved 1105920K
  class space    used 8280K, capacity 8809K, committed 8880K, reserved 1048576K
}
Event: 284.993 GC heap before
{Heap before GC invocations=22 (full 3):
 PSYoungGen      total 203776K, used 203550K [0x00000000eab00000, 0x00000000f9e80000, 0x0000000100000000)
  eden space 190976K, 100% used [0x00000000eab00000,0x00000000f6580000,0x00000000f6580000)
  from space 12800K, 98% used [0x00000000f9200000,0x00000000f9e47ac0,0x00000000f9e80000)
  to   space 20480K, 0% used [0x00000000f7680000,0x00000000f7680000,0x00000000f8a80000)
 ParOldGen       total 73216K, used 50396K [0x00000000c0000000, 0x00000000c4780000, 0x00000000eab00000)
  object space 73216K, 68% used [0x00000000c0000000,0x00000000c3137230,0x00000000c4780000)
 Metaspace       used 64604K, capacity 67464K, committed 67632K, reserved 1107968K
  class space    used 8601K, capacity 9167K, committed 9264K, reserved 1048576K
Event: 285.123 GC heap after
Heap after GC invocations=22 (full 3):
 PSYoungGen      total 228864K, used 5883K [0x00000000eab00000, 0x00000000fbf00000, 0x0000000100000000)
  eden space 208384K, 0% used [0x00000000eab00000,0x00000000eab00000,0x00000000f7680000)
  from space 20480K, 28% used [0x00000000f7680000,0x00000000f7c3ef40,0x00000000f8a80000)
  to   space 20480K, 0% used [0x00000000fab00000,0x00000000fab00000,0x00000000fbf00000)
 ParOldGen       total 73216K, used 62215K [0x00000000c0000000, 0x00000000c4780000, 0x00000000eab00000)
  object space 73216K, 84% used [0x00000000c0000000,0x00000000c3cc1cf8,0x00000000c4780000)
 Metaspace       used 64604K, capacity 67464K, committed 67632K, reserved 1107968K
  class space    used 8601K, capacity 9167K, committed 9264K, reserved 1048576K
}
Event: 285.123 GC heap before
{Heap before GC invocations=23 (full 4):
 PSYoungGen      total 228864K, used 5883K [0x00000000eab00000, 0x00000000fbf00000, 0x0000000100000000)
  eden space 208384K, 0% used [0x00000000eab00000,0x00000000eab00000,0x00000000f7680000)
  from space 20480K, 28% used [0x00000000f7680000,0x00000000f7c3ef40,0x00000000f8a80000)
  to   space 20480K, 0% used [0x00000000fab00000,0x00000000fab00000,0x00000000fbf00000)
 ParOldGen       total 73216K, used 62215K [0x00000000c0000000, 0x00000000c4780000, 0x00000000eab00000)
  object space 73216K, 84% used [0x00000000c0000000,0x00000000c3cc1cf8,0x00000000c4780000)
 Metaspace       used 64604K, capacity 67464K, committed 67632K, reserved 1107968K
  class space    used 8601K, capacity 9167K, committed 9264K, reserved 1048576K

