# JRE version: OpenJDK Runtime Environment (8.0_112-b06) (build 1.8.0_112-release-b06)
# Java VM: OpenJDK 64-Bit Server VM (25.112-b06 mixed mode windows-amd64 compressed oops)
Heap:
 PSYoungGen      total 240128K, used 223984K [0x00000000eab00000, 0x0000000100000000, 0x0000000100000000)
  eden space 149504K, 100% used [0x00000000eab00000,0x00000000f3d00000,0x00000000f3d00000)
  from space 90624K, 82% used [0x00000000fa780000,0x00000000ff03c3d8,0x0000000100000000)
  to   space 99840K, 19% used [0x00000000f3d00000,0x00000000f5019258,0x00000000f9e80000)
 ParOldGen       total 260608K, used 197422K [0x00000000c0000000, 0x00000000cfe80000, 0x00000000eab00000)
  object space 260608K, 75% used [0x00000000c0000000,0x00000000cc0cd990,0x00000000cfe80000)
 Metaspace       used 5945K, capacity 7088K, committed 7296K, reserved 1056768K
  class space    used 561K, capacity 616K, committed 640K, reserved 1048576K
GC Heap History (10 events):
Event: 7.114 GC heap after
Heap after GC invocations=8 (full 1):
 PSYoungGen      total 145408K, used 29827K [0x00000000eab00000, 0x00000000fab80000, 0x0000000100000000)
  eden space 100864K, 0% used [0x00000000eab00000,0x00000000eab00000,0x00000000f0d80000)
  from space 44544K, 66% used [0x00000000f0d80000,0x00000000f2aa0ff8,0x00000000f3900000)
  to   space 46080K, 0% used [0x00000000f7e80000,0x00000000f7e80000,0x00000000fab80000)
 ParOldGen       total 148992K, used 74996K [0x00000000c0000000, 0x00000000c9180000, 0x00000000eab00000)
  object space 148992K, 50% used [0x00000000c0000000,0x00000000c493d280,0x00000000c9180000)
 Metaspace       used 5867K, capacity 7024K, committed 7296K, reserved 1056768K
  class space    used 559K, capacity 616K, committed 640K, reserved 1048576K
}
Event: 8.802 GC heap before
{Heap before GC invocations=9 (full 1):
 PSYoungGen      total 145408K, used 130691K [0x00000000eab00000, 0x00000000fab80000, 0x0000000100000000)
  eden space 100864K, 100% used [0x00000000eab00000,0x00000000f0d80000,0x00000000f0d80000)
  from space 44544K, 66% used [0x00000000f0d80000,0x00000000f2aa0ff8,0x00000000f3900000)
  to   space 46080K, 0% used [0x00000000f7e80000,0x00000000f7e80000,0x00000000fab80000)
 ParOldGen       total 148992K, used 74996K [0x00000000c0000000, 0x00000000c9180000, 0x00000000eab00000)
  object space 148992K, 50% used [0x00000000c0000000,0x00000000c493d280,0x00000000c9180000)
 Metaspace       used 5941K, capacity 7088K, committed 7296K, reserved 1056768K
  class space    used 561K, capacity 616K, committed 640K, reserved 1048576K
Event: 8.867 GC heap after
Heap after GC invocations=9 (full 1):
 PSYoungGen      total 209920K, used 42728K [0x00000000eab00000, 0x00000000fb300000, 0x0000000100000000)
  eden space 163840K, 0% used [0x00000000eab00000,0x00000000eab00000,0x00000000f4b00000)
  from space 46080K, 92% used [0x00000000f7e80000,0x00000000fa83a2b8,0x00000000fab80000)
  to   space 52736K, 0% used [0x00000000f4b00000,0x00000000f4b00000,0x00000000f7e80000)
 ParOldGen       total 148992K, used 75004K [0x00000000c0000000, 0x00000000c9180000, 0x00000000eab00000)
  object space 148992K, 50% used [0x00000000c0000000,0x00000000c493f280,0x00000000c9180000)
 Metaspace       used 5941K, capacity 7088K, committed 7296K, reserved 1056768K
  class space    used 561K, capacity 616K, committed 640K, reserved 1048576K
}
Event: 9.279 GC heap before
{Heap before GC invocations=10 (full 1):
 PSYoungGen      total 209920K, used 206568K [0x00000000eab00000, 0x00000000fb300000, 0x0000000100000000)
  eden space 163840K, 100% used [0x00000000eab00000,0x00000000f4b00000,0x00000000f4b00000)
  from space 46080K, 92% used [0x00000000f7e80000,0x00000000fa83a2b8,0x00000000fab80000)
  to   space 52736K, 0% used [0x00000000f4b00000,0x00000000f4b00000,0x00000000f7e80000)
 ParOldGen       total 148992K, used 75004K [0x00000000c0000000, 0x00000000c9180000, 0x00000000eab00000)
  object space 148992K, 50% used [0x00000000c0000000,0x00000000c493f280,0x00000000c9180000)
 Metaspace       used 5941K, capacity 7088K, committed 7296K, reserved 1056768K
  class space    used 561K, capacity 616K, committed 640K, reserved 1048576K
Event: 9.388 GC heap after
Heap after GC invocations=10 (full 1):
 PSYoungGen      total 216576K, used 52725K [0x00000000eab00000, 0x0000000100000000, 0x0000000100000000)
  eden space 163840K, 0% used [0x00000000eab00000,0x00000000eab00000,0x00000000f4b00000)
  from space 52736K, 99% used [0x00000000f4b00000,0x00000000f7e7d608,0x00000000f7e80000)
  to   space 90624K, 0% used [0x00000000fa780000,0x00000000fa780000,0x0000000100000000)
 ParOldGen       total 148992K, used 148043K [0x00000000c0000000, 0x00000000c9180000, 0x00000000eab00000)
  object space 148992K, 99% used [0x00000000c0000000,0x00000000c9092c70,0x00000000c9180000)
 Metaspace       used 5941K, capacity 7088K, committed 7296K, reserved 1056768K
  class space    used 561K, capacity 616K, committed 640K, reserved 1048576K
}
Event: 9.388 GC heap before
{Heap before GC invocations=11 (full 2):
 PSYoungGen      total 216576K, used 52725K [0x00000000eab00000, 0x0000000100000000, 0x0000000100000000)
  eden space 163840K, 0% used [0x00000000eab00000,0x00000000eab00000,0x00000000f4b00000)
  from space 52736K, 99% used [0x00000000f4b00000,0x00000000f7e7d608,0x00000000f7e80000)
  to   space 90624K, 0% used [0x00000000fa780000,0x00000000fa780000,0x0000000100000000)
 ParOldGen       total 148992K, used 148043K [0x00000000c0000000, 0x00000000c9180000, 0x00000000eab00000)
  object space 148992K, 99% used [0x00000000c0000000,0x00000000c9092c70,0x00000000c9180000)
 Metaspace       used 5941K, capacity 7088K, committed 7296K, reserved 1056768K
  class space    used 561K, capacity 616K, committed 640K, reserved 1048576K
Event: 9.887 GC heap after
Heap after GC invocations=11 (full 2):
 PSYoungGen      total 216576K, used 33990K [0x00000000eab00000, 0x0000000100000000, 0x0000000100000000)
  eden space 163840K, 0% used [0x00000000eab00000,0x00000000eab00000,0x00000000f4b00000)
  from space 52736K, 64% used [0x00000000f4b00000,0x00000000f6c31978,0x00000000f7e80000)
  to   space 90624K, 0% used [0x00000000fa780000,0x00000000fa780000,0x0000000100000000)
 ParOldGen       total 260608K, used 148726K [0x00000000c0000000, 0x00000000cfe80000, 0x00000000eab00000)
  object space 260608K, 57% used [0x00000000c0000000,0x00000000c913da60,0x00000000cfe80000)
 Metaspace       used 5941K, capacity 7088K, committed 7296K, reserved 1056768K
  class space    used 561K, capacity 616K, committed 640K, reserved 1048576K
}
Event: 10.672 GC heap before
{Heap before GC invocations=12 (full 2):
 PSYoungGen      total 216576K, used 197830K [0x00000000eab00000, 0x0000000100000000, 0x0000000100000000)
  eden space 163840K, 100% used [0x00000000eab00000,0x00000000f4b00000,0x00000000f4b00000)
  from space 52736K, 64% used [0x00000000f4b00000,0x00000000f6c31978,0x00000000f7e80000)
  to   space 90624K, 0% used [0x00000000fa780000,0x00000000fa780000,0x0000000100000000)
 ParOldGen       total 260608K, used 148726K [0x00000000c0000000, 0x00000000cfe80000, 0x00000000eab00000)
  object space 260608K, 57% used [0x00000000c0000000,0x00000000c913da60,0x00000000cfe80000)
 Metaspace       used 5943K, capacity 7088K, committed 7296K, reserved 1056768K
  class space    used 561K, capacity 616K, committed 640K, reserved 1048576K
Event: 10.766 GC heap after
Heap after GC invocations=12 (full 2):
 PSYoungGen      total 240128K, used 74480K [0x00000000eab00000, 0x0000000100000000, 0x0000000100000000)
  eden space 149504K, 0% used [0x00000000eab00000,0x00000000eab00000,0x00000000f3d00000)
  from space 90624K, 82% used [0x00000000fa780000,0x00000000ff03c3d8,0x0000000100000000)
  to   space 99840K, 0% used [0x00000000f3d00000,0x00000000f3d00000,0x00000000f9e80000)
 ParOldGen       total 260608K, used 172978K [0x00000000c0000000, 0x00000000cfe80000, 0x00000000eab00000)
  object space 260608K, 66% used [0x00000000c0000000,0x00000000ca8ec808,0x00000000cfe80000)
 Metaspace       used 5943K, capacity 7088K, committed 7296K, reserved 1056768K
  class space    used 561K, capacity 616K, committed 640K, reserved 1048576K
}
Event: 11.532 GC heap before
{Heap before GC invocations=13 (full 2):
 PSYoungGen      total 240128K, used 223984K [0x00000000eab00000, 0x0000000100000000, 0x0000000100000000)
  eden space 149504K, 100% used [0x00000000eab00000,0x00000000f3d00000,0x00000000f3d00000)
  from space 90624K, 82% used [0x00000000fa780000,0x00000000ff03c3d8,0x0000000100000000)
  to   space 99840K, 0% used [0x00000000f3d00000,0x00000000f3d00000,0x00000000f9e80000)
 ParOldGen       total 260608K, used 172978K [0x00000000c0000000, 0x00000000cfe80000, 0x00000000eab00000)
  object space 260608K, 66% used [0x00000000c0000000,0x00000000ca8ec808,0x00000000cfe80000)
 Metaspace       used 5945K, capacity 7088K, committed 7296K, reserved 1056768K
  class space    used 561K, capacity 616K, committed 640K, reserved 1048576K

